<?xml version="1.0" encoding="UTF-8"?>
<!-- Generated by org.testng.reporters.JUnitReportReporter -->
<testsuite hostname="DESKTOP-OBM7O12" failures="0" tests="1" name="test.DemoClass" time="6.945" errors="0" timestamp="2024-01-20T11:55:49 IST" skipped="0">
  <testcase classname="test.DemoClass" name="test" time="6.945"/>
</testsuite> <!-- test.DemoClass -->
